<?xml version="1.0" encoding="UTF-8"?>
<!-- Generated by org.testng.reporters.JUnitXMLReporter -->
<testsuite hostname="VT0-IT-47-D143" name="TC Regression Test Suite" tests="1" failures="0" timestamp="7 Sep 2023 07:28:43 GMT" time="11.831" errors="0">
  <testcase name="@BeforeMethod beforeMethod" time="0.0" classname="pw.RunnerScripts.TCRunner">
    <failure type="org.testng.internal.thread.ThreadExecutionException" message="org.testng.internal.InvokeMethodRunnable$TestNGRuntimeException: org.openqa.selenium.SessionNotCreatedException: Could not start a new session. Response code 500. Message: session not created
from no such execution context: uniqueContextId not found
  (Session info: chrome=114.0.5735.199)
Build info: version: &amp;apos;3.141.59&amp;apos;, revision: &amp;apos;e82be7d358&amp;apos;, time: &amp;apos;2018-11-14T08:25:53&amp;apos;
System info: host: &amp;apos;VT0-IT-47-D143&amp;apos;, ip: &amp;apos;172.18.224.196&amp;apos;, os.name: &amp;apos;Windows 10&amp;apos;, os.arch: &amp;apos;amd64&amp;apos;, os.version: &amp;apos;10.0&amp;apos;, java.version: &amp;apos;1.8.0_291&amp;apos;
Driver info: driver.version: unknown
remote stacktrace: Backtrace:
	GetHandleVerifier [0x00F26E73+48323]
	(No symbol) [0x00EB9661]
	(No symbol) [0x00DC5308]
	(No symbol) [0x00DB8960]
	(No symbol) [0x00DB70E8]
	(No symbol) [0x00DB775A]
	(No symbol) [0x00DC83C7]
	(No symbol) [0x00DC9991]
	(No symbol) [0x00DC9A30]
	(No symbol) [0x00E120BB]
	(No symbol) [0x00E10ADC]
	(No symbol) [0x00E0A6D6]
	(No symbol) [0x00DE847C]
	(No symbol) [0x00DE957D]
	GetHandleVerifier [0x0118FD5D+2575277]
	GetHandleVerifier [0x011CF86E+2836158]
	GetHandleVerifier [0x011C96DC+2811180]
	GetHandleVerifier [0x00FB41B0+626688]
	(No symbol) [0x00EC314C]
	(No symbol) [0x00EBF4B8]
	(No symbol) [0x00EBF59B]
	(No symbol) [0x00EB21B7]
	BaseThreadInitThunk [0x757700C9+25]
	RtlGetAppContainerNamedObjectPath [0x77827B1E+286]
	RtlGetAppContainerNamedObjectPath [0x77827AEE+238]

Build info: version: &amp;apos;4.0.0&amp;apos;, revision: &amp;apos;3a21814679&amp;apos;
System info: host: &amp;apos;VT0-IT-47-D143&amp;apos;, ip: &amp;apos;172.18.224.196&amp;apos;, os.name: &amp;apos;Windows 10&amp;apos;, os.arch: &amp;apos;amd64&amp;apos;, os.version: &amp;apos;10.0&amp;apos;, java.version: &amp;apos;1.8.0_291&amp;apos;
Driver info: org.openqa.selenium.remote.RemoteWebDriver
Command: [null, newSession {capabilities=[Capabilities {browserName: chrome, goog:chromeOptions: {args: [], binary: C:/NewGC/Google1/Chrome/App..., extensions: []}}], desiredCapabilities=Capabilities {browserName: chrome, goog:chromeOptions: {args: [], binary: C:/NewGC/Google1/Chrome/App..., extensions: []}}}]
Capabilities {}">
      <![CDATA[org.testng.internal.thread.ThreadExecutionException: org.testng.internal.InvokeMethodRunnable$TestNGRuntimeException: org.openqa.selenium.SessionNotCreatedException: Could not start a new session. Response code 500. Message: session not created
from no such execution context: uniqueContextId not found
  (Session info: chrome=114.0.5735.199)
Build info: version: '3.141.59', revision: 'e82be7d358', time: '2018-11-14T08:25:53'
System info: host: 'VT0-IT-47-D143', ip: '172.18.224.196', os.name: 'Windows 10', os.arch: 'amd64', os.version: '10.0', java.version: '1.8.0_291'
Driver info: driver.version: unknown
remote stacktrace: Backtrace:
	GetHandleVerifier [0x00F26E73+48323]
	(No symbol) [0x00EB9661]
	(No symbol) [0x00DC5308]
	(No symbol) [0x00DB8960]
	(No symbol) [0x00DB70E8]
	(No symbol) [0x00DB775A]
	(No symbol) [0x00DC83C7]
	(No symbol) [0x00DC9991]
	(No symbol) [0x00DC9A30]
	(No symbol) [0x00E120BB]
	(No symbol) [0x00E10ADC]
	(No symbol) [0x00E0A6D6]
	(No symbol) [0x00DE847C]
	(No symbol) [0x00DE957D]
	GetHandleVerifier [0x0118FD5D+2575277]
	GetHandleVerifier [0x011CF86E+2836158]
	GetHandleVerifier [0x011C96DC+2811180]
	GetHandleVerifier [0x00FB41B0+626688]
	(No symbol) [0x00EC314C]
	(No symbol) [0x00EBF4B8]
	(No symbol) [0x00EBF59B]
	(No symbol) [0x00EB21B7]
	BaseThreadInitThunk [0x757700C9+25]
	RtlGetAppContainerNamedObjectPath [0x77827B1E+286]
	RtlGetAppContainerNamedObjectPath [0x77827AEE+238]

Build info: version: '4.0.0', revision: '3a21814679'
System info: host: 'VT0-IT-47-D143', ip: '172.18.224.196', os.name: 'Windows 10', os.arch: 'amd64', os.version: '10.0', java.version: '1.8.0_291'
Driver info: org.openqa.selenium.remote.RemoteWebDriver
Command: [null, newSession {capabilities=[Capabilities {browserName: chrome, goog:chromeOptions: {args: [], binary: C:/NewGC/Google1/Chrome/App..., extensions: []}}], desiredCapabilities=Capabilities {browserName: chrome, goog:chromeOptions: {args: [], binary: C:/NewGC/Google1/Chrome/App..., extensions: []}}}]
Capabilities {}
	at java.util.concurrent.FutureTask.run(Unknown Source)
	at java.util.concurrent.Executors$RunnableAdapter.call(Unknown Source)
	at java.util.concurrent.FutureTask.run(Unknown Source)
	at java.util.concurrent.ThreadPoolExecutor.runWorker(Unknown Source)
	at java.util.concurrent.ThreadPoolExecutor$Worker.run(Unknown Source)
	at java.lang.Thread.run(Unknown Source)
from no such execution context: uniqueContextId not found
  (Session info: chrome=114.0.5735.199)
Build info: version: '3.141.59', revision: 'e82be7d358', time: '2018-11-14T08:25:53'
System info: host: 'VT0-IT-47-D143', ip: '172.18.224.196', os.name: 'Windows 10', os.arch: 'amd64', os.version: '10.0', java.version: '1.8.0_291'
Driver info: driver.version: unknown
remote stacktrace: Backtrace:
	GetHandleVerifier [0x00F26E73+48323]
	(No symbol) [0x00EB9661]
	(No symbol) [0x00DC5308]
	(No symbol) [0x00DB8960]
	(No symbol) [0x00DB70E8]
	(No symbol) [0x00DB775A]
	(No symbol) [0x00DC83C7]
	(No symbol) [0x00DC9991]
	(No symbol) [0x00DC9A30]
	(No symbol) [0x00E120BB]
	(No symbol) [0x00E10ADC]
	(No symbol) [0x00E0A6D6]
	(No symbol) [0x00DE847C]
	(No symbol) [0x00DE957D]
	GetHandleVerifier [0x0118FD5D+2575277]
	GetHandleVerifier [0x011CF86E+2836158]
	GetHandleVerifier [0x011C96DC+2811180]
	GetHandleVerifier [0x00FB41B0+626688]
	(No symbol) [0x00EC314C]
	(No symbol) [0x00EBF4B8]
	(No symbol) [0x00EBF59B]
	(No symbol) [0x00EB21B7]
	BaseThreadInitThunk [0x757700C9+25]
	RtlGetAppContainerNamedObjectPath [0x77827B1E+286]
	RtlGetAppContainerNamedObjectPath [0x77827AEE+238]

Build info: version: '4.0.0', revision: '3a21814679'
System info: host: 'VT0-IT-47-D143', ip: '172.18.224.196', os.name: 'Windows 10', os.arch: 'amd64', os.version: '10.0', java.version: '1.8.0_291'
Driver info: org.openqa.selenium.remote.RemoteWebDriver
Command: [null, newSession {capabilities=[Capabilities {browserName: chrome, goog:chromeOptions: {args: [], binary: C:/NewGC/Google1/Chrome/App..., extensions: []}}], desiredCapabilities=Capabilities {browserName: chrome, goog:chromeOptions: {args: [], binary: C:/NewGC/Google1/Chrome/App..., extensions: []}}}]
Capabilities {}
	... 5 more
Caused by: org.openqa.selenium.SessionNotCreatedException: Could not start a new session. Response code 500. Message: session not created
from no such execution context: uniqueContextId not found
  (Session info: chrome=114.0.5735.199)
Build info: version: '3.141.59', revision: 'e82be7d358', time: '2018-11-14T08:25:53'
System info: host: 'VT0-IT-47-D143', ip: '172.18.224.196', os.name: 'Windows 10', os.arch: 'amd64', os.version: '10.0', java.version: '1.8.0_291'
Driver info: driver.version: unknown
remote stacktrace: Backtrace:
	GetHandleVerifier [0x00F26E73+48323]
	(No symbol) [0x00EB9661]
	(No symbol) [0x00DC5308]
	(No symbol) [0x00DB8960]
	(No symbol) [0x00DB70E8]
	(No symbol) [0x00DB775A]
	(No symbol) [0x00DC83C7]
	(No symbol) [0x00DC9991]
	(No symbol) [0x00DC9A30]
	(No symbol) [0x00E120BB]
	(No symbol) [0x00E10ADC]
	(No symbol) [0x00E0A6D6]
	(No symbol) [0x00DE847C]
	(No symbol) [0x00DE957D]
	GetHandleVerifier [0x0118FD5D+2575277]
	GetHandleVerifier [0x011CF86E+2836158]
	GetHandleVerifier [0x011C96DC+2811180]
	GetHandleVerifier [0x00FB41B0+626688]
	(No symbol) [0x00EC314C]
	(No symbol) [0x00EBF4B8]
	(No symbol) [0x00EBF59B]
	(No symbol) [0x00EB21B7]
	BaseThreadInitThunk [0x757700C9+25]
	RtlGetAppContainerNamedObjectPath [0x77827B1E+286]
	RtlGetAppContainerNamedObjectPath [0x77827AEE+238]

Build info: version: '4.0.0', revision: '3a21814679'
System info: host: 'VT0-IT-47-D143', ip: '172.18.224.196', os.name: 'Windows 10', os.arch: 'amd64', os.version: '10.0', java.version: '1.8.0_291'
Driver info: org.openqa.selenium.remote.RemoteWebDriver
Command: [null, newSession {capabilities=[Capabilities {browserName: chrome, goog:chromeOptions: {args: [], binary: C:/NewGC/Google1/Chrome/App..., extensions: []}}], desiredCapabilities=Capabilities {browserName: chrome, goog:chromeOptions: {args: [], binary: C:/NewGC/Google1/Chrome/App..., extensions: []}}}]
Capabilities {}
	at org.openqa.selenium.remote.ProtocolHandshake.createSession(ProtocolHandshake.java:126)
	at org.openqa.selenium.remote.ProtocolHandshake.createSession(ProtocolHandshake.java:84)
	at org.openqa.selenium.remote.ProtocolHandshake.createSession(ProtocolHandshake.java:62)
	at org.openqa.selenium.remote.HttpCommandExecutor.execute(HttpCommandExecutor.java:156)
	at org.openqa.selenium.remote.TracedCommandExecutor.execute(TracedCommandExecutor.java:39)
	at org.openqa.selenium.remote.RemoteWebDriver.execute(RemoteWebDriver.java:559)
	at org.openqa.selenium.remote.RemoteWebDriver.startSession(RemoteWebDriver.java:246)
	at org.openqa.selenium.remote.RemoteWebDriver.<init>(RemoteWebDriver.java:168)
	at org.openqa.selenium.remote.RemoteWebDriver.<init>(RemoteWebDriver.java:146)
	at Libraries.automation.common.SeHelper.buildDriver(SeHelper.java:262)
	at Libraries.automation.common.SeHelper.startSession(SeHelper.java:140)
	at Libraries.automation.common.SeHelper.startSession(SeHelper.java:168)
	at Libraries.automation.common.CommonBaseTest.beforeMethod(CommonBaseTest.java:74)
	at pw.RunnerScripts.TCRunner.beforeMethod(TCRunner.java:115)
	... 6 more
... Removed 18 stack frames]]>
    </failure>
  </testcase> <!-- @BeforeMethod beforeMethod -->
  <testcase name="TC_1" time="0.009" classname="pw.RunnerScripts.TCRunner">
    <skipped/>
  </testcase> <!-- TC_1 -->
</testsuite> <!-- TC Regression Test Suite -->
