<?xml version="1.0" encoding="UTF-8"?>
<!-- Generated by org.testng.reporters.JUnitReportReporter -->
<testsuite hostname="VT0-IT-47-D143" name="pw.RunnerScripts.TCRunner" tests="1" failures="1" timestamp="7 Sep 2023 07:28:54 GMT" time="0.461" errors="0">
  <testcase name="TC_1" time="0.461" classname="pw.RunnerScripts.TCRunner">
    <failure type="org.testng.internal.thread.ThreadExecutionException" message="org.testng.internal.InvokeMethodRunnable$TestNGRuntimeException: org.openqa.selenium.SessionNotCreatedException: Could not start a new session. Response code 500. Message: session not created
from no such execution context: uniqueContextId not found
  (Session info: chrome=114.0.5735.199)
Build info: version: &#039;3.141.59&#039;, revision: &#039;e82be7d358&#039;, time: &#039;2018-11-14T08:25:53&#039;
System info: host: &#039;VT0-IT-47-D143&#039;, ip: &#039;172.18.224.196&#039;, os.name: &#039;Windows 10&#039;, os.arch: &#039;amd64&#039;, os.version: &#039;10.0&#039;, java.version: &#039;1.8.0_291&#039;
Driver info: driver.version: unknown
remote stacktrace: Backtrace:
	GetHandleVerifier [0x00F26E73+48323]
	(No symbol) [0x00EB9661]
	(No symbol) [0x00DC5308]
	(No symbol) [0x00DB8960]
	(No symbol) [0x00DB70E8]
	(No symbol) [0x00DB775A]
	(No symbol) [0x00DC83C7]
	(No symbol) [0x00DC9991]
	(No symbol) [0x00DC9A30]
	(No symbol) [0x00E120BB]
	(No symbol) [0x00E10ADC]
	(No symbol) [0x00E0A6D6]
	(No symbol) [0x00DE847C]
	(No symbol) [0x00DE957D]
	GetHandleVerifier [0x0118FD5D+2575277]
	GetHandleVerifier [0x011CF86E+2836158]
	GetHandleVerifier [0x011C96DC+2811180]
	GetHandleVerifier [0x00FB41B0+626688]
	(No symbol) [0x00EC314C]
	(No symbol) [0x00EBF4B8]
	(No symbol) [0x00EBF59B]
	(No symbol) [0x00EB21B7]
	BaseThreadInitThunk [0x757700C9+25]
	RtlGetAppContainerNamedObjectPath [0x77827B1E+286]
	RtlGetAppContainerNamedObjectPath [0x77827AEE+238]

Build info: version: &#039;4.0.0&#039;, revision: &#039;3a21814679&#039;
System info: host: &#039;VT0-IT-47-D143&#039;, ip: &#039;172.18.224.196&#039;, os.name: &#039;Windows 10&#039;, os.arch: &#039;amd64&#039;, os.version: &#039;10.0&#039;, java.version: &#039;1.8.0_291&#039;
Driver info: org.openqa.selenium.remote.RemoteWebDriver
Command: [null, newSession {capabilities=[Capabilities {browserName: chrome, goog:chromeOptions: {args: [], binary: C:/NewGC/Google1/Chrome/App..., extensions: []}}], desiredCapabilities=Capabilities {browserName: chrome, goog:chromeOptions: {args: [], binary: C:/NewGC/Google1/Chrome/App..., extensions: []}}}]
Capabilities {}">
      <![CDATA[org.testng.internal.thread.ThreadExecutionException: org.testng.internal.InvokeMethodRunnable$TestNGRuntimeException: org.openqa.selenium.SessionNotCreatedException: Could not start a new session. Response code 500. Message: session not created
from no such execution context: uniqueContextId not found
  (Session info: chrome=114.0.5735.199)
Build info: version: '3.141.59', revision: 'e82be7d358', time: '2018-11-14T08:25:53'
System info: host: 'VT0-IT-47-D143', ip: '172.18.224.196', os.name: 'Windows 10', os.arch: 'amd64', os.version: '10.0', java.version: '1.8.0_291'
Driver info: driver.version: unknown
remote stacktrace: Backtrace:
	GetHandleVerifier [0x00F26E73+48323]
	(No symbol) [0x00EB9661]
	(No symbol) [0x00DC5308]
	(No symbol) [0x00DB8960]
	(No symbol) [0x00DB70E8]
	(No symbol) [0x00DB775A]
	(No symbol) [0x00DC83C7]
	(No symbol) [0x00DC9991]
	(No symbol) [0x00DC9A30]
	(No symbol) [0x00E120BB]
	(No symbol) [0x00E10ADC]
	(No symbol) [0x00E0A6D6]
	(No symbol) [0x00DE847C]
	(No symbol) [0x00DE957D]
	GetHandleVerifier [0x0118FD5D+2575277]
	GetHandleVerifier [0x011CF86E+2836158]
	GetHandleVerifier [0x011C96DC+2811180]
	GetHandleVerifier [0x00FB41B0+626688]
	(No symbol) [0x00EC314C]
	(No symbol) [0x00EBF4B8]
	(No symbol) [0x00EBF59B]
	(No symbol) [0x00EB21B7]
	BaseThreadInitThunk [0x757700C9+25]
	RtlGetAppContainerNamedObjectPath [0x77827B1E+286]
	RtlGetAppContainerNamedObjectPath [0x77827AEE+238]

Build info: version: '4.0.0', revision: '3a21814679'
System info: host: 'VT0-IT-47-D143', ip: '172.18.224.196', os.name: 'Windows 10', os.arch: 'amd64', os.version: '10.0', java.version: '1.8.0_291'
Driver info: org.openqa.selenium.remote.RemoteWebDriver
Command: [null, newSession {capabilities=[Capabilities {browserName: chrome, goog:chromeOptions: {args: [], binary: C:/NewGC/Google1/Chrome/App..., extensions: []}}], desiredCapabilities=Capabilities {browserName: chrome, goog:chromeOptions: {args: [], binary: C:/NewGC/Google1/Chrome/App..., extensions: []}}}]
Capabilities {}
	at org.testng.internal.thread.FutureResultAdapter.get(FutureResultAdapter.java:25)
	at org.testng.internal.MethodInvocationHelper.invokeWithTimeoutWithNewExecutor(MethodInvocationHelper.java:273)
	at org.testng.internal.MethodInvocationHelper.invokeWithTimeout(MethodInvocationHelper.java:231)
	at org.testng.internal.Invoker.invokeConfigurationMethod(Invoker.java:567)
	at org.testng.internal.Invoker.invokeConfigurations(Invoker.java:213)
	at org.testng.internal.Invoker.invokeMethod(Invoker.java:653)
	at org.testng.internal.Invoker.invokeTestMethod(Invoker.java:901)
	at org.testng.internal.TestMethodWithDataProviderMethodWorker.call(TestMethodWithDataProviderMethodWorker.java:73)
	at org.testng.internal.TestMethodWithDataProviderMethodWorker.call(TestMethodWithDataProviderMethodWorker.java:14)
	at java.util.concurrent.FutureTask.run(Unknown Source)
	at java.util.concurrent.Executors$RunnableAdapter.call(Unknown Source)
	at java.util.concurrent.FutureTask.run(Unknown Source)
	at java.util.concurrent.ThreadPoolExecutor.runWorker(Unknown Source)
	at java.util.concurrent.ThreadPoolExecutor$Worker.run(Unknown Source)
	at java.lang.Thread.run(Unknown Source)
Caused by: org.testng.internal.InvokeMethodRunnable$TestNGRuntimeException: org.openqa.selenium.SessionNotCreatedException: Could not start a new session. Response code 500. Message: session not created
from no such execution context: uniqueContextId not found
  (Session info: chrome=114.0.5735.199)
Build info: version: '3.141.59', revision: 'e82be7d358', time: '2018-11-14T08:25:53'
System info: host: 'VT0-IT-47-D143', ip: '172.18.224.196', os.name: 'Windows 10', os.arch: 'amd64', os.version: '10.0', java.version: '1.8.0_291'
Driver info: driver.version: unknown
remote stacktrace: Backtrace:
	GetHandleVerifier [0x00F26E73+48323]
	(No symbol) [0x00EB9661]
	(No symbol) [0x00DC5308]
	(No symbol) [0x00DB8960]
	(No symbol) [0x00DB70E8]
	(No symbol) [0x00DB775A]
	(No symbol) [0x00DC83C7]
	(No symbol) [0x00DC9991]
	(No symbol) [0x00DC9A30]
	(No symbol) [0x00E120BB]
	(No symbol) [0x00E10ADC]
	(No symbol) [0x00E0A6D6]
	(No symbol) [0x00DE847C]
	(No symbol) [0x00DE957D]
	GetHandleVerifier [0x0118FD5D+2575277]
	GetHandleVerifier [0x011CF86E+2836158]
	GetHandleVerifier [0x011C96DC+2811180]
	GetHandleVerifier [0x00FB41B0+626688]
	(No symbol) [0x00EC314C]
	(No symbol) [0x00EBF4B8]
	(No symbol) [0x00EBF59B]
	(No symbol) [0x00EB21B7]
	BaseThreadInitThunk [0x757700C9+25]
	RtlGetAppContainerNamedObjectPath [0x77827B1E+286]
	RtlGetAppContainerNamedObjectPath [0x77827AEE+238]

Build info: version: '4.0.0', revision: '3a21814679'
System info: host: 'VT0-IT-47-D143', ip: '172.18.224.196', os.name: 'Windows 10', os.arch: 'amd64', os.version: '10.0', java.version: '1.8.0_291'
Driver info: org.openqa.selenium.remote.RemoteWebDriver
Command: [null, newSession {capabilities=[Capabilities {browserName: chrome, goog:chromeOptions: {args: [], binary: C:/NewGC/Google1/Chrome/App..., extensions: []}}], desiredCapabilities=Capabilities {browserName: chrome, goog:chromeOptions: {args: [], binary: C:/NewGC/Google1/Chrome/App..., extensions: []}}}]
Capabilities {}
	at org.testng.internal.InvokeMethodRunnable.runOne(InvokeMethodRunnable.java:49)
	at org.testng.internal.InvokeMethodRunnable.run(InvokeMethodRunnable.java:37)
	... 5 more
Caused by: org.openqa.selenium.SessionNotCreatedException: Could not start a new session. Response code 500. Message: session not created
from no such execution context: uniqueContextId not found
  (Session info: chrome=114.0.5735.199)
Build info: version: '3.141.59', revision: 'e82be7d358', time: '2018-11-14T08:25:53'
System info: host: 'VT0-IT-47-D143', ip: '172.18.224.196', os.name: 'Windows 10', os.arch: 'amd64', os.version: '10.0', java.version: '1.8.0_291'
Driver info: driver.version: unknown
remote stacktrace: Backtrace:
	GetHandleVerifier [0x00F26E73+48323]
	(No symbol) [0x00EB9661]
	(No symbol) [0x00DC5308]
	(No symbol) [0x00DB8960]
	(No symbol) [0x00DB70E8]
	(No symbol) [0x00DB775A]
	(No symbol) [0x00DC83C7]
	(No symbol) [0x00DC9991]
	(No symbol) [0x00DC9A30]
	(No symbol) [0x00E120BB]
	(No symbol) [0x00E10ADC]
	(No symbol) [0x00E0A6D6]
	(No symbol) [0x00DE847C]
	(No symbol) [0x00DE957D]
	GetHandleVerifier [0x0118FD5D+2575277]
	GetHandleVerifier [0x011CF86E+2836158]
	GetHandleVerifier [0x011C96DC+2811180]
	GetHandleVerifier [0x00FB41B0+626688]
	(No symbol) [0x00EC314C]
	(No symbol) [0x00EBF4B8]
	(No symbol) [0x00EBF59B]
	(No symbol) [0x00EB21B7]
	BaseThreadInitThunk [0x757700C9+25]
	RtlGetAppContainerNamedObjectPath [0x77827B1E+286]
	RtlGetAppContainerNamedObjectPath [0x77827AEE+238]

Build info: version: '4.0.0', revision: '3a21814679'
System info: host: 'VT0-IT-47-D143', ip: '172.18.224.196', os.name: 'Windows 10', os.arch: 'amd64', os.version: '10.0', java.version: '1.8.0_291'
Driver info: org.openqa.selenium.remote.RemoteWebDriver
Command: [null, newSession {capabilities=[Capabilities {browserName: chrome, goog:chromeOptions: {args: [], binary: C:/NewGC/Google1/Chrome/App..., extensions: []}}], desiredCapabilities=Capabilities {browserName: chrome, goog:chromeOptions: {args: [], binary: C:/NewGC/Google1/Chrome/App..., extensions: []}}}]
Capabilities {}
	at org.openqa.selenium.remote.ProtocolHandshake.createSession(ProtocolHandshake.java:126)
	at org.openqa.selenium.remote.ProtocolHandshake.createSession(ProtocolHandshake.java:84)
	at org.openqa.selenium.remote.ProtocolHandshake.createSession(ProtocolHandshake.java:62)
	at org.openqa.selenium.remote.HttpCommandExecutor.execute(HttpCommandExecutor.java:156)
	at org.openqa.selenium.remote.TracedCommandExecutor.execute(TracedCommandExecutor.java:39)
	at org.openqa.selenium.remote.RemoteWebDriver.execute(RemoteWebDriver.java:559)
	at org.openqa.selenium.remote.RemoteWebDriver.startSession(RemoteWebDriver.java:246)
	at org.openqa.selenium.remote.RemoteWebDriver.<init>(RemoteWebDriver.java:168)
	at org.openqa.selenium.remote.RemoteWebDriver.<init>(RemoteWebDriver.java:146)
	at Libraries.automation.common.SeHelper.buildDriver(SeHelper.java:262)
	at Libraries.automation.common.SeHelper.startSession(SeHelper.java:140)
	at Libraries.automation.common.SeHelper.startSession(SeHelper.java:168)
	at Libraries.automation.common.CommonBaseTest.beforeMethod(CommonBaseTest.java:74)
	at pw.RunnerScripts.TCRunner.beforeMethod(TCRunner.java:115)
	at sun.reflect.NativeMethodAccessorImpl.invoke0(Native Method)
	at sun.reflect.NativeMethodAccessorImpl.invoke(Unknown Source)
	at sun.reflect.DelegatingMethodAccessorImpl.invoke(Unknown Source)
	at java.lang.reflect.Method.invoke(Unknown Source)
	at org.testng.internal.MethodInvocationHelper.invokeMethod(MethodInvocationHelper.java:84)
	at org.testng.internal.InvokeMethodRunnable.runOne(InvokeMethodRunnable.java:46)
	... 6 more
]]>
    </failure>
  </testcase> <!-- TC_1 -->
</testsuite> <!-- pw.RunnerScripts.TCRunner -->
