<?xml version="1.0" encoding="UTF-8"?>
<!-- Generated by org.testng.reporters.JUnitReportReporter -->
<testsuite hostname="VT0-IT-47-D359" failures="1" tests="1" name="pw.RunnerScripts.BPRunner" time="0.000" errors="0" timestamp="13 Feb 2024 17:49:18 GMT">
  <testcase classname="pw.RunnerScripts.BPRunner" name="BP_1" time="0.000">
    <failure message="java.lang.Error: Unresolved compilation problems: 
	The type java.net.MalformedURLException cannot be resolved. It is indirectly referenced from required type java.io.File
	The import java.net.MalformedURLException cannot be resolved
	The constructor URL(String) refers to the missing type MalformedURLException
	MalformedURLException cannot be resolved to a type
	The constructor URL(String) refers to the missing type MalformedURLException
	MalformedURLException cannot be resolved to a type
	The constructor URL(String) refers to the missing type MalformedURLException
	MalformedURLException cannot be resolved to a type
" type="java.lang.RuntimeException">
      <![CDATA[java.lang.RuntimeException: java.lang.Error: Unresolved compilation problems: 
	The type java.net.MalformedURLException cannot be resolved. It is indirectly referenced from required type java.io.File
	The import java.net.MalformedURLException cannot be resolved
	The constructor URL(String) refers to the missing type MalformedURLException
	MalformedURLException cannot be resolved to a type
	The constructor URL(String) refers to the missing type MalformedURLException
	MalformedURLException cannot be resolved to a type
	The constructor URL(String) refers to the missing type MalformedURLException
	MalformedURLException cannot be resolved to a type

	at org.testng.internal.MethodInvocationHelper.invokeDataProvider(MethodInvocationHelper.java:161)
	at org.testng.internal.Parameters.handleParameters(Parameters.java:429)
	at org.testng.internal.Invoker.handleParameters(Invoker.java:1383)
	at org.testng.internal.Invoker.createParameters(Invoker.java:1075)
	at org.testng.internal.Invoker.invokeTestMethods(Invoker.java:1180)
	at org.testng.internal.TestMethodWorker.invokeTestMethods(TestMethodWorker.java:127)
	at org.testng.internal.TestMethodWorker.run(TestMethodWorker.java:111)
	at org.testng.TestRunner.privateRun(TestRunner.java:767)
	at org.testng.TestRunner.run(TestRunner.java:617)
	at org.testng.SuiteRunner.runTest(SuiteRunner.java:334)
	at org.testng.SuiteRunner.runSequentially(SuiteRunner.java:329)
	at org.testng.SuiteRunner.privateRun(SuiteRunner.java:291)
	at org.testng.SuiteRunner.run(SuiteRunner.java:240)
	at org.testng.SuiteRunnerWorker.runSuite(SuiteRunnerWorker.java:52)
	at org.testng.SuiteRunnerWorker.run(SuiteRunnerWorker.java:86)
	at org.testng.TestNG.runSuitesSequentially(TestNG.java:1224)
	at org.testng.TestNG.runSuitesLocally(TestNG.java:1149)
	at org.testng.TestNG.run(TestNG.java:1057)
	at org.testng.remote.AbstractRemoteTestNG.run(AbstractRemoteTestNG.java:115)
	at org.testng.remote.RemoteTestNG.initAndRun(RemoteTestNG.java:251)
	at org.testng.remote.RemoteTestNG.main(RemoteTestNG.java:77)
Caused by: java.lang.Error: Unresolved compilation problems: 
	The type java.net.MalformedURLException cannot be resolved. It is indirectly referenced from required type java.io.File
	The import java.net.MalformedURLException cannot be resolved
	The constructor URL(String) refers to the missing type MalformedURLException
	MalformedURLException cannot be resolved to a type
	The constructor URL(String) refers to the missing type MalformedURLException
	MalformedURLException cannot be resolved to a type
	The constructor URL(String) refers to the missing type MalformedURLException
	MalformedURLException cannot be resolved to a type

	at Libraries.automation.common.SeHelper.<init>(SeHelper.java:1)
	at Libraries.automation.common.CommonBaseTest.weaveInSeHelpers(CommonBaseTest.java:126)
	at Libraries.automation.common.CommonBaseTest.XLSDataProviderByRow(CommonBaseTest.java:341)
	at java.base/jdk.internal.reflect.NativeMethodAccessorImpl.invoke0(Native Method)
	at java.base/jdk.internal.reflect.NativeMethodAccessorImpl.invoke(NativeMethodAccessorImpl.java:77)
	at java.base/jdk.internal.reflect.DelegatingMethodAccessorImpl.invoke(DelegatingMethodAccessorImpl.java:43)
	at java.base/java.lang.reflect.Method.invoke(Method.java:568)
	at org.testng.internal.MethodInvocationHelper.invokeMethod(MethodInvocationHelper.java:84)
	at org.testng.internal.MethodInvocationHelper.invokeDataProvider(MethodInvocationHelper.java:135)
	... 20 more
]]>
    </failure>
  </testcase> <!-- BP_1 -->
</testsuite> <!-- pw.RunnerScripts.BPRunner -->
